
> react-typescript-starter@0.1.0 test
> react-scripts test "--coverage"

PASS src/nested.test.ts
PASS src/arrays.test.ts
PASS src/objects.test.ts
PASS src/components/StartAttempt.test.tsx
PASS src/components/TwoDice.test.tsx
PASS src/functions.test.ts
PASS src/components/ChangeType.test.tsx
PASS src/components/CycleHoliday.test.tsx
PASS src/components/Counter.test.tsx
PASS src/components/RevealAnswer.test.tsx
PASS src/App.test.tsx
-------------------|---------|----------|---------|---------|-------------------
File               | % Stmts | % Branch | % Funcs | % Lines | Uncovered Line #s 
-------------------|---------|----------|---------|---------|-------------------
All files          |   97.34 |    96.34 |   97.97 |   97.23 |                   
 src               |   98.63 |    95.45 |     100 |   98.59 |                   
  App.tsx          |     100 |      100 |     100 |     100 |                   
  arrays.ts        |     100 |      100 |     100 |     100 |                   
  functions.ts     |     100 |      100 |     100 |     100 |                   
  nested.ts        |   96.66 |    89.65 |     100 |   96.42 | 240,271           
  objects.ts       |     100 |      100 |     100 |     100 |                   
 src/components    |   92.68 |      100 |   92.59 |    92.3 |                   
  ChangeType.tsx   |     100 |      100 |     100 |     100 |                   
  Counter.tsx      |     100 |      100 |     100 |     100 |                   
  CycleHoliday.tsx |     100 |      100 |     100 |     100 |                   
  RevealAnswer.tsx |     100 |      100 |     100 |     100 |                   
  StartAttempt.tsx |     100 |      100 |     100 |     100 |                   
  TwoDice.tsx      |   66.66 |      100 |   66.66 |   66.66 | 18-19,25          
 src/interfaces    |       0 |        0 |       0 |       0 |                   
  answer.ts        |       0 |        0 |       0 |       0 |                   
  question.ts      |       0 |        0 |       0 |       0 |                   
-------------------|---------|----------|---------|---------|-------------------

Test Suites: 11 passed, 11 total
Tests:       93 passed, 93 total
Snapshots:   0 total
Time:        8.223 s
Ran all test suites.
